# JRE version: OpenJDK Runtime Environment Corretto-11.0.28.6.1 (11.0.28+6) (build 11.0.28+6-LTS)
# Java VM: OpenJDK 64-Bit Server VM Corretto-11.0.28.6.1 (11.0.28+6-LTS, mixed mode, tiered, compressed oops, g1 gc, windows-amd64)
Heap:
 garbage-first heap   total 120832K, used 37632K [0x0000000080000000, 0x0000000100000000)
  region size 1024K, 10 young (10240K), 7 survivors (7168K)
 Metaspace       used 56958K, capacity 58504K, committed 58752K, reserved 1103872K
  class space    used 7356K, capacity 7977K, committed 8064K, reserved 1048576K
GC Heap History (20 events):
Event: 3.686 GC heap before
{Heap before GC invocations=2 (full 0):
 garbage-first heap   total 120832K, used 77213K [0x0000000080000000, 0x0000000100000000)
  region size 1024K, 70 young (71680K), 9 survivors (9216K)
 Metaspace       used 15877K, capacity 16129K, committed 16256K, reserved 1062912K
  class space    used 1758K, capacity 1869K, committed 1920K, reserved 1048576K
}
Event: 3.697 GC heap after
{Heap after GC invocations=3 (full 0):
 garbage-first heap   total 120832K, used 18219K [0x0000000080000000, 0x0000000100000000)
  region size 1024K, 6 young (6144K), 6 survivors (6144K)
 Metaspace       used 15877K, capacity 16129K, committed 16256K, reserved 1062912K
  class space    used 1758K, capacity 1869K, committed 1920K, reserved 1048576K
}
Event: 4.907 GC heap before
{Heap before GC invocations=3 (full 0):
 garbage-first heap   total 120832K, used 57131K [0x0000000080000000, 0x0000000100000000)
  region size 1024K, 45 young (46080K), 6 survivors (6144K)
 Metaspace       used 20829K, capacity 21181K, committed 21248K, reserved 1069056K
  class space    used 2383K, capacity 2531K, committed 2560K, reserved 1048576K
}
Event: 4.915 GC heap after
{Heap after GC invocations=4 (full 0):
 garbage-first heap   total 120832K, used 20144K [0x0000000080000000, 0x0000000100000000)
  region size 1024K, 3 young (3072K), 3 survivors (3072K)
 Metaspace       used 20829K, capacity 21181K, committed 21248K, reserved 1069056K
  class space    used 2383K, capacity 2531K, committed 2560K, reserved 1048576K
}
Event: 6.940 GC heap before
{Heap before GC invocations=5 (full 0):
 garbage-first heap   total 120832K, used 85680K [0x0000000080000000, 0x0000000100000000)
  region size 1024K, 67 young (68608K), 3 survivors (3072K)
 Metaspace       used 25326K, capacity 25961K, committed 26112K, reserved 1073152K
  class space    used 3078K, capacity 3326K, committed 3328K, reserved 1048576K
}
Event: 6.944 GC heap after
{Heap after GC invocations=6 (full 0):
 garbage-first heap   total 120832K, used 21090K [0x0000000080000000, 0x0000000100000000)
  region size 1024K, 3 young (3072K), 3 survivors (3072K)
 Metaspace       used 25326K, capacity 25961K, committed 26112K, reserved 1073152K
  class space    used 3078K, capacity 3326K, committed 3328K, reserved 1048576K
}
Event: 7.853 GC heap before
{Heap before GC invocations=6 (full 0):
 garbage-first heap   total 120832K, used 88674K [0x0000000080000000, 0x0000000100000000)
  region size 1024K, 70 young (71680K), 3 survivors (3072K)
 Metaspace       used 29295K, capacity 29878K, committed 30080K, reserved 1075200K
  class space    used 3617K, capacity 3864K, committed 3968K, reserved 1048576K
}
Event: 7.859 GC heap after
{Heap after GC invocations=7 (full 0):
 garbage-first heap   total 120832K, used 22924K [0x0000000080000000, 0x0000000100000000)
  region size 1024K, 5 young (5120K), 5 survivors (5120K)
 Metaspace       used 29295K, capacity 29878K, committed 30080K, reserved 1075200K
  class space    used 3617K, capacity 3864K, committed 3968K, reserved 1048576K
}
Event: 8.906 GC heap before
{Heap before GC invocations=7 (full 0):
 garbage-first heap   total 120832K, used 89484K [0x0000000080000000, 0x0000000100000000)
  region size 1024K, 70 young (71680K), 5 survivors (5120K)
 Metaspace       used 33633K, capacity 34353K, committed 34560K, reserved 1079296K
  class space    used 4283K, capacity 4594K, committed 4608K, reserved 1048576K
}
Event: 8.914 GC heap after
{Heap after GC invocations=8 (full 0):
 garbage-first heap   total 120832K, used 24879K [0x0000000080000000, 0x0000000100000000)
  region size 1024K, 6 young (6144K), 6 survivors (6144K)
 Metaspace       used 33633K, capacity 34353K, committed 34560K, reserved 1079296K
  class space    used 4283K, capacity 4594K, committed 4608K, reserved 1048576K
}
Event: 9.119 GC heap before
{Heap before GC invocations=8 (full 0):
 garbage-first heap   total 120832K, used 36143K [0x0000000080000000, 0x0000000100000000)
  region size 1024K, 18 young (18432K), 6 survivors (6144K)
 Metaspace       used 34958K, capacity 35756K, committed 35840K, reserved 1081344K
  class space    used 4455K, capacity 4807K, committed 4864K, reserved 1048576K
}
Event: 9.128 GC heap after
{Heap after GC invocations=9 (full 0):
 garbage-first heap   total 120832K, used 25152K [0x0000000080000000, 0x0000000100000000)
  region size 1024K, 5 young (5120K), 5 survivors (5120K)
 Metaspace       used 34958K, capacity 35756K, committed 35840K, reserved 1081344K
  class space    used 4455K, capacity 4807K, committed 4864K, reserved 1048576K
}
Event: 10.235 GC heap before
{Heap before GC invocations=10 (full 0):
 garbage-first heap   total 120832K, used 92736K [0x0000000080000000, 0x0000000100000000)
  region size 1024K, 70 young (71680K), 5 survivors (5120K)
 Metaspace       used 42182K, capacity 43208K, committed 43264K, reserved 1087488K
  class space    used 5202K, capacity 5591K, committed 5632K, reserved 1048576K
}
Event: 10.244 GC heap after
{Heap after GC invocations=11 (full 0):
 garbage-first heap   total 120832K, used 29540K [0x0000000080000000, 0x0000000100000000)
  region size 1024K, 9 young (9216K), 9 survivors (9216K)
 Metaspace       used 42182K, capacity 43208K, committed 43264K, reserved 1087488K
  class space    used 5202K, capacity 5591K, committed 5632K, reserved 1048576K
}
Event: 10.939 GC heap before
{Heap before GC invocations=11 (full 0):
 garbage-first heap   total 120832K, used 92004K [0x0000000080000000, 0x0000000100000000)
  region size 1024K, 70 young (71680K), 9 survivors (9216K)
 Metaspace       used 44402K, capacity 45546K, committed 45824K, reserved 1089536K
  class space    used 5559K, capacity 6033K, committed 6144K, reserved 1048576K
}
Event: 10.949 GC heap after
{Heap after GC invocations=12 (full 0):
 garbage-first heap   total 120832K, used 31061K [0x0000000080000000, 0x0000000100000000)
  region size 1024K, 7 young (7168K), 7 survivors (7168K)
 Metaspace       used 44402K, capacity 45546K, committed 45824K, reserved 1089536K
  class space    used 5559K, capacity 6033K, committed 6144K, reserved 1048576K
}
Event: 11.679 GC heap before
{Heap before GC invocations=12 (full 0):
 garbage-first heap   total 120832K, used 95573K [0x0000000080000000, 0x0000000100000000)
  region size 1024K, 70 young (71680K), 7 survivors (7168K)
 Metaspace       used 48547K, capacity 49879K, committed 50048K, reserved 1093632K
  class space    used 6189K, capacity 6741K, committed 6784K, reserved 1048576K
}
Event: 11.689 GC heap after
{Heap after GC invocations=13 (full 0):
 garbage-first heap   total 120832K, used 32714K [0x0000000080000000, 0x0000000100000000)
  region size 1024K, 4 young (4096K), 4 survivors (4096K)
 Metaspace       used 48547K, capacity 49879K, committed 50048K, reserved 1093632K
  class space    used 6189K, capacity 6741K, committed 6784K, reserved 1048576K
}
Event: 12.351 GC heap before
{Heap before GC invocations=13 (full 0):
 garbage-first heap   total 120832K, used 98250K [0x0000000080000000, 0x0000000100000000)
  region size 1024K, 68 young (69632K), 4 survivors (4096K)
 Metaspace       used 52666K, capacity 54121K, committed 54272K, reserved 1095680K
  class space    used 6764K, capacity 7370K, committed 7424K, reserved 1048576K
}
Event: 12.356 GC heap after
{Heap after GC invocations=14 (full 0):
 garbage-first heap   total 120832K, used 33692K [0x0000000080000000, 0x0000000100000000)
  region size 1024K, 5 young (5120K), 5 survivors (5120K)
 Metaspace       used 52666K, capacity 54121K, committed 54272K, reserved 1095680K
  class space    used 6764K, capacity 7370K, committed 7424K, reserved 1048576K
}

