# JRE version: OpenJDK Runtime Environment (21.0.6) (build 21.0.6+-13391695-b895.109)
# Java VM: OpenJDK 64-Bit Server VM (21.0.6+-13391695-b895.109, mixed mode, tiered, compressed oops, compressed class ptrs, g1 gc, windows-amd64)
GC Precious Log:
 CardTable entry size: 512
 Card Set container configuration: InlinePtr #cards 5 size 8 Array Of Cards #cards 12 size 40 Howl #buckets 4 coarsen threshold 1843 Howl Bitmap #cards 512 size 80 coarsen threshold 460 Card regions per heap region 1 cards per card region 2048
 CPUs: 12 total, 12 available
 Memory: 7501M
 Large Page Support: Disabled
 NUMA Support: Disabled
 Compressed Oops: Enabled (32-bit)
 Heap Region Size: 1M
 Heap Min Capacity: 8M
 Heap Initial Capacity: 118M
 Heap Max Capacity: 2G
 Pre-touch: Disabled
 Parallel Workers: 10
 Concurrent Workers: 3
 Concurrent Refinement Workers: 10
 Periodic GC: Disabled
Heap:
 garbage-first heap   total 358400K, used 182531K [0x0000000080000000, 0x0000000100000000)
  region size 1024K, 9 young (9216K), 9 survivors (9216K)
 Metaspace       used 143426K, committed 145792K, reserved 1179648K
  class space    used 19951K, committed 21184K, reserved 1048576K
GC Heap History (20 events):
Event: 32.434 GC heap after
{Heap after GC invocations=61 (full 0):
 garbage-first heap   total 296960K, used 180868K [0x0000000080000000, 0x0000000100000000)
  region size 1024K, 3 young (3072K), 3 survivors (3072K)
 Metaspace       used 139321K, committed 141632K, reserved 1179648K
  class space    used 19501K, committed 20672K, reserved 1048576K
}
Event: 32.870 GC heap before
{Heap before GC invocations=61 (full 0):
 garbage-first heap   total 296960K, used 269956K [0x0000000080000000, 0x0000000100000000)
  region size 1024K, 91 young (93184K), 3 survivors (3072K)
 Metaspace       used 140889K, committed 143232K, reserved 1179648K
  class space    used 19754K, committed 20928K, reserved 1048576K
}
Event: 32.880 GC heap after
{Heap after GC invocations=62 (full 0):
 garbage-first heap   total 358400K, used 181613K [0x0000000080000000, 0x0000000100000000)
  region size 1024K, 5 young (5120K), 5 survivors (5120K)
 Metaspace       used 140889K, committed 143232K, reserved 1179648K
  class space    used 19754K, committed 20928K, reserved 1048576K
}
Event: 33.350 GC heap before
{Heap before GC invocations=62 (full 0):
 garbage-first heap   total 358400K, used 320877K [0x0000000080000000, 0x0000000100000000)
  region size 1024K, 141 young (144384K), 5 survivors (5120K)
 Metaspace       used 141475K, committed 143808K, reserved 1179648K
  class space    used 19834K, committed 20992K, reserved 1048576K
}
Event: 33.356 GC heap after
{Heap after GC invocations=63 (full 0):
 garbage-first heap   total 358400K, used 179991K [0x0000000080000000, 0x0000000100000000)
  region size 1024K, 4 young (4096K), 4 survivors (4096K)
 Metaspace       used 141475K, committed 143808K, reserved 1179648K
  class space    used 19834K, committed 20992K, reserved 1048576K
}
Event: 33.795 GC heap before
{Heap before GC invocations=63 (full 0):
 garbage-first heap   total 358400K, used 333591K [0x0000000080000000, 0x0000000100000000)
  region size 1024K, 154 young (157696K), 4 survivors (4096K)
 Metaspace       used 141805K, committed 144128K, reserved 1179648K
  class space    used 19837K, committed 20992K, reserved 1048576K
}
Event: 33.802 GC heap after
{Heap after GC invocations=64 (full 0):
 garbage-first heap   total 358400K, used 181533K [0x0000000080000000, 0x0000000100000000)
  region size 1024K, 5 young (5120K), 5 survivors (5120K)
 Metaspace       used 141805K, committed 144128K, reserved 1179648K
  class space    used 19837K, committed 20992K, reserved 1048576K
}
Event: 34.249 GC heap before
{Heap before GC invocations=64 (full 0):
 garbage-first heap   total 358400K, used 334109K [0x0000000080000000, 0x0000000100000000)
  region size 1024K, 154 young (157696K), 5 survivors (5120K)
 Metaspace       used 141990K, committed 144320K, reserved 1179648K
  class space    used 19840K, committed 20992K, reserved 1048576K
}
Event: 34.259 GC heap after
{Heap after GC invocations=65 (full 0):
 garbage-first heap   total 358400K, used 182637K [0x0000000080000000, 0x0000000100000000)
  region size 1024K, 6 young (6144K), 6 survivors (6144K)
 Metaspace       used 141990K, committed 144320K, reserved 1179648K
  class space    used 19840K, committed 20992K, reserved 1048576K
}
Event: 34.717 GC heap before
{Heap before GC invocations=66 (full 0):
 garbage-first heap   total 358400K, used 333165K [0x0000000080000000, 0x0000000100000000)
  region size 1024K, 153 young (156672K), 6 survivors (6144K)
 Metaspace       used 142389K, committed 144640K, reserved 1179648K
  class space    used 19854K, committed 20992K, reserved 1048576K
}
Event: 34.727 GC heap after
{Heap after GC invocations=67 (full 0):
 garbage-first heap   total 358400K, used 183469K [0x0000000080000000, 0x0000000100000000)
  region size 1024K, 7 young (7168K), 7 survivors (7168K)
 Metaspace       used 142389K, committed 144640K, reserved 1179648K
  class space    used 19854K, committed 20992K, reserved 1048576K
}
Event: 35.154 GC heap before
{Heap before GC invocations=67 (full 0):
 garbage-first heap   total 358400K, used 330925K [0x0000000080000000, 0x0000000100000000)
  region size 1024K, 152 young (155648K), 7 survivors (7168K)
 Metaspace       used 142873K, committed 145152K, reserved 1179648K
  class space    used 19945K, committed 21120K, reserved 1048576K
}
Event: 35.170 GC heap after
{Heap after GC invocations=68 (full 0):
 garbage-first heap   total 358400K, used 183776K [0x0000000080000000, 0x0000000100000000)
  region size 1024K, 10 young (10240K), 10 survivors (10240K)
 Metaspace       used 142873K, committed 145152K, reserved 1179648K
  class space    used 19945K, committed 21120K, reserved 1048576K
}
Event: 35.545 GC heap before
{Heap before GC invocations=68 (full 0):
 garbage-first heap   total 358400K, used 328160K [0x0000000080000000, 0x0000000100000000)
  region size 1024K, 152 young (155648K), 10 survivors (10240K)
 Metaspace       used 143071K, committed 145344K, reserved 1179648K
  class space    used 19945K, committed 21120K, reserved 1048576K
}
Event: 35.557 GC heap after
{Heap after GC invocations=69 (full 0):
 garbage-first heap   total 358400K, used 186006K [0x0000000080000000, 0x0000000100000000)
  region size 1024K, 12 young (12288K), 12 survivors (12288K)
 Metaspace       used 143071K, committed 145344K, reserved 1179648K
  class space    used 19945K, committed 21120K, reserved 1048576K
}
Event: 35.891 GC heap before
{Heap before GC invocations=70 (full 0):
 garbage-first heap   total 358400K, used 326294K [0x0000000080000000, 0x0000000100000000)
  region size 1024K, 150 young (153600K), 12 survivors (12288K)
 Metaspace       used 143197K, committed 145536K, reserved 1179648K
  class space    used 19948K, committed 21120K, reserved 1048576K
}
Event: 35.903 GC heap after
{Heap after GC invocations=71 (full 0):
 garbage-first heap   total 358400K, used 186049K [0x0000000080000000, 0x0000000100000000)
  region size 1024K, 10 young (10240K), 10 survivors (10240K)
 Metaspace       used 143197K, committed 145536K, reserved 1179648K
  class space    used 19948K, committed 21120K, reserved 1048576K
}
Event: 36.229 GC heap before
{Heap before GC invocations=71 (full 0):
 garbage-first heap   total 358400K, used 328385K [0x0000000080000000, 0x0000000100000000)
  region size 1024K, 150 young (153600K), 10 survivors (10240K)
 Metaspace       used 143278K, committed 145600K, reserved 1179648K
  class space    used 19948K, committed 21120K, reserved 1048576K
}
Event: 36.245 GC heap after
{Heap after GC invocations=72 (full 0):
 garbage-first heap   total 358400K, used 183808K [0x0000000080000000, 0x0000000100000000)
  region size 1024K, 11 young (11264K), 11 survivors (11264K)
 Metaspace       used 143278K, committed 145600K, reserved 1179648K
  class space    used 19948K, committed 21120K, reserved 1048576K
}
Event: 36.577 GC heap before
{Heap before GC invocations=72 (full 0):
 garbage-first heap   total 358400K, used 328192K [0x0000000080000000, 0x0000000100000000)
  region size 1024K, 152 young (155648K), 11 survivors (11264K)
 Metaspace       used 143426K, committed 145792K, reserved 1179648K
  class space    used 19951K, committed 21184K, reserved 1048576K
}

