# JRE version: OpenJDK Runtime Environment (21.0.6) (build 21.0.6+-13391695-b895.109)
# Java VM: OpenJDK 64-Bit Server VM (21.0.6+-13391695-b895.109, mixed mode, tiered, compressed oops, compressed class ptrs, g1 gc, windows-amd64)
GC Precious Log:
 CardTable entry size: 512
 Card Set container configuration: InlinePtr #cards 5 size 8 Array Of Cards #cards 12 size 40 Howl #buckets 4 coarsen threshold 1843 Howl Bitmap #cards 512 size 80 coarsen threshold 460 Card regions per heap region 1 cards per card region 2048
 CPUs: 12 total, 12 available
 Memory: 7501M
 Large Page Support: Disabled
 NUMA Support: Disabled
 Compressed Oops: Enabled (32-bit)
 Heap Region Size: 1M
 Heap Min Capacity: 8M
 Heap Initial Capacity: 118M
 Heap Max Capacity: 2G
 Pre-touch: Disabled
 Parallel Workers: 10
 Concurrent Workers: 3
 Concurrent Refinement Workers: 10
 Periodic GC: Disabled
Heap:
 garbage-first heap   total 304128K, used 179650K [0x0000000080000000, 0x0000000100000000)
  region size 1024K, 6 young (6144K), 6 survivors (6144K)
 Metaspace       used 142749K, committed 145152K, reserved 1179648K
  class space    used 20010K, committed 21248K, reserved 1048576K
GC Heap History (20 events):
Event: 27.539 GC heap after
{Heap after GC invocations=54 (full 0):
 garbage-first heap   total 251904K, used 136824K [0x0000000080000000, 0x0000000100000000)
  region size 1024K, 9 young (9216K), 9 survivors (9216K)
 Metaspace       used 119788K, committed 122048K, reserved 1179648K
  class space    used 16108K, committed 17216K, reserved 1048576K
}
Event: 28.053 GC heap before
{Heap before GC invocations=54 (full 0):
 garbage-first heap   total 251904K, used 227960K [0x0000000080000000, 0x0000000100000000)
  region size 1024K, 99 young (101376K), 9 survivors (9216K)
 Metaspace       used 119855K, committed 122048K, reserved 1179648K
  class space    used 16111K, committed 17216K, reserved 1048576K
}
Event: 28.067 GC heap after
{Heap after GC invocations=55 (full 0):
 garbage-first heap   total 303104K, used 140533K [0x0000000080000000, 0x0000000100000000)
  region size 1024K, 9 young (9216K), 9 survivors (9216K)
 Metaspace       used 119855K, committed 122048K, reserved 1179648K
  class space    used 16111K, committed 17216K, reserved 1048576K
}
Event: 30.012 GC heap before
{Heap before GC invocations=56 (full 0):
 garbage-first heap   total 303104K, used 275701K [0x0000000080000000, 0x0000000100000000)
  region size 1024K, 142 young (145408K), 9 survivors (9216K)
 Metaspace       used 126088K, committed 128256K, reserved 1179648K
  class space    used 17083K, committed 18176K, reserved 1048576K
}
Event: 30.029 GC heap after
{Heap after GC invocations=57 (full 0):
 garbage-first heap   total 303104K, used 151121K [0x0000000080000000, 0x0000000100000000)
  region size 1024K, 18 young (18432K), 18 survivors (18432K)
 Metaspace       used 126088K, committed 128256K, reserved 1179648K
  class space    used 17083K, committed 18176K, reserved 1048576K
}
Event: 30.795 GC heap before
{Heap before GC invocations=57 (full 0):
 garbage-first heap   total 303104K, used 266833K [0x0000000080000000, 0x0000000100000000)
  region size 1024K, 132 young (135168K), 18 survivors (18432K)
 Metaspace       used 134330K, committed 136640K, reserved 1179648K
  class space    used 18645K, committed 19776K, reserved 1048576K
}
Event: 30.821 GC heap after
{Heap after GC invocations=58 (full 0):
 garbage-first heap   total 304128K, used 164501K [0x0000000080000000, 0x0000000100000000)
  region size 1024K, 15 young (15360K), 15 survivors (15360K)
 Metaspace       used 134330K, committed 136640K, reserved 1179648K
  class space    used 18645K, committed 19776K, reserved 1048576K
}
Event: 31.253 GC heap before
{Heap before GC invocations=58 (full 0):
 garbage-first heap   total 304128K, used 270997K [0x0000000080000000, 0x0000000100000000)
  region size 1024K, 120 young (122880K), 15 survivors (15360K)
 Metaspace       used 138651K, committed 140992K, reserved 1179648K
  class space    used 19435K, committed 20608K, reserved 1048576K
}
Event: 31.278 GC heap after
{Heap after GC invocations=59 (full 0):
 garbage-first heap   total 304128K, used 177237K [0x0000000080000000, 0x0000000100000000)
  region size 1024K, 13 young (13312K), 13 survivors (13312K)
 Metaspace       used 138651K, committed 140992K, reserved 1179648K
  class space    used 19435K, committed 20608K, reserved 1048576K
}
Event: 31.971 GC heap before
{Heap before GC invocations=60 (full 0):
 garbage-first heap   total 304128K, used 272469K [0x0000000080000000, 0x0000000100000000)
  region size 1024K, 107 young (109568K), 13 survivors (13312K)
 Metaspace       used 140791K, committed 143168K, reserved 1179648K
  class space    used 19736K, committed 20928K, reserved 1048576K
}
Event: 31.987 GC heap after
{Heap after GC invocations=61 (full 0):
 garbage-first heap   total 304128K, used 181509K [0x0000000080000000, 0x0000000100000000)
  region size 1024K, 4 young (4096K), 4 survivors (4096K)
 Metaspace       used 140791K, committed 143168K, reserved 1179648K
  class space    used 19736K, committed 20928K, reserved 1048576K
}
Event: 32.335 GC heap before
{Heap before GC invocations=61 (full 0):
 garbage-first heap   total 304128K, used 278789K [0x0000000080000000, 0x0000000100000000)
  region size 1024K, 100 young (102400K), 4 survivors (4096K)
 Metaspace       used 142126K, committed 144512K, reserved 1179648K
  class space    used 19993K, committed 21184K, reserved 1048576K
}
Event: 32.342 GC heap after
{Heap after GC invocations=62 (full 0):
 garbage-first heap   total 304128K, used 180445K [0x0000000080000000, 0x0000000100000000)
  region size 1024K, 4 young (4096K), 4 survivors (4096K)
 Metaspace       used 142126K, committed 144512K, reserved 1179648K
  class space    used 19993K, committed 21184K, reserved 1048576K
}
Event: 32.617 GC heap before
{Heap before GC invocations=62 (full 0):
 garbage-first heap   total 304128K, used 282845K [0x0000000080000000, 0x0000000100000000)
  region size 1024K, 104 young (106496K), 4 survivors (4096K)
 Metaspace       used 142362K, committed 144768K, reserved 1179648K
  class space    used 20029K, committed 21248K, reserved 1048576K
}
Event: 32.623 GC heap after
{Heap after GC invocations=63 (full 0):
 garbage-first heap   total 304128K, used 181331K [0x0000000080000000, 0x0000000100000000)
  region size 1024K, 5 young (5120K), 5 survivors (5120K)
 Metaspace       used 142362K, committed 144768K, reserved 1179648K
  class space    used 20029K, committed 21248K, reserved 1048576K
}
Event: 32.970 GC heap before
{Heap before GC invocations=64 (full 0):
 garbage-first heap   total 304128K, used 281683K [0x0000000080000000, 0x0000000100000000)
  region size 1024K, 103 young (105472K), 5 survivors (5120K)
 Metaspace       used 142469K, committed 144896K, reserved 1179648K
  class space    used 20007K, committed 21248K, reserved 1048576K
}
Event: 32.975 GC heap after
{Heap after GC invocations=65 (full 0):
 garbage-first heap   total 304128K, used 181052K [0x0000000080000000, 0x0000000100000000)
  region size 1024K, 4 young (4096K), 4 survivors (4096K)
 Metaspace       used 142469K, committed 144896K, reserved 1179648K
  class space    used 20007K, committed 21248K, reserved 1048576K
}
Event: 33.200 GC heap before
{Heap before GC invocations=65 (full 0):
 garbage-first heap   total 304128K, used 283452K [0x0000000080000000, 0x0000000100000000)
  region size 1024K, 104 young (106496K), 4 survivors (4096K)
 Metaspace       used 142609K, committed 145024K, reserved 1179648K
  class space    used 20009K, committed 21248K, reserved 1048576K
}
Event: 33.208 GC heap after
{Heap after GC invocations=66 (full 0):
 garbage-first heap   total 304128K, used 179621K [0x0000000080000000, 0x0000000100000000)
  region size 1024K, 6 young (6144K), 6 survivors (6144K)
 Metaspace       used 142609K, committed 145024K, reserved 1179648K
  class space    used 20009K, committed 21248K, reserved 1048576K
}
Event: 33.419 GC heap before
{Heap before GC invocations=66 (full 0):
 garbage-first heap   total 304128K, used 280997K [0x0000000080000000, 0x0000000100000000)
  region size 1024K, 105 young (107520K), 6 survivors (6144K)
 Metaspace       used 142749K, committed 145152K, reserved 1179648K
  class space    used 20010K, committed 21248K, reserved 1048576K
}

